[debug] [2023-05-29T16:55:22.450Z] ----------------------------------------------------------------------
[debug] [2023-05-29T16:55:22.452Z] Command:       C:\Program Files\nodejs\node.exe C:\Users\kunal\AppData\Roaming\npm\node_modules\firebase-tools\lib\bin\firebase.js deploy
[debug] [2023-05-29T16:55:22.452Z] CLI Version:   11.24.0
[debug] [2023-05-29T16:55:22.452Z] Platform:      win32
[debug] [2023-05-29T16:55:22.452Z] Node Version:  v18.13.0
[debug] [2023-05-29T16:55:22.458Z] Time:          Mon May 29 2023 22:25:22 GMT+0530 (India Standard Time)
[debug] [2023-05-29T16:55:22.458Z] ----------------------------------------------------------------------
[debug] 
[debug] [2023-05-29T16:55:22.515Z] > command requires scopes: ["email","openid","https://www.googleapis.com/auth/cloudplatformprojects.readonly","https://www.googleapis.com/auth/firebase","https://www.googleapis.com/auth/cloud-platform"]
[debug] [2023-05-29T16:55:22.516Z] > authorizing via signed-in user (kunal.sharmag12@gmail.com)
[debug] [2023-05-29T16:55:22.516Z] [iam] checking project daicar-group-animation for permissions ["firebase.projects.get","firebasehosting.sites.update"]
[debug] [2023-05-29T16:55:22.517Z] > refreshing access token with scopes: []
[debug] [2023-05-29T16:55:22.518Z] >>> [apiv2][query] POST https://www.googleapis.com/oauth2/v3/token [none]
[debug] [2023-05-29T16:55:22.518Z] >>> [apiv2][body] POST https://www.googleapis.com/oauth2/v3/token [omitted]
[debug] [2023-05-29T16:55:22.944Z] <<< [apiv2][status] POST https://www.googleapis.com/oauth2/v3/token 200
[debug] [2023-05-29T16:55:22.944Z] <<< [apiv2][body] POST https://www.googleapis.com/oauth2/v3/token [omitted]
[debug] [2023-05-29T16:55:22.952Z] >>> [apiv2][query] POST https://cloudresourcemanager.googleapis.com/v1/projects/daicar-group-animation:testIamPermissions [none]
[debug] [2023-05-29T16:55:22.952Z] >>> [apiv2][(partial)header] POST https://cloudresourcemanager.googleapis.com/v1/projects/daicar-group-animation:testIamPermissions x-goog-quota-user=projects/daicar-group-animation
[debug] [2023-05-29T16:55:22.952Z] >>> [apiv2][body] POST https://cloudresourcemanager.googleapis.com/v1/projects/daicar-group-animation:testIamPermissions {"permissions":["firebase.projects.get","firebasehosting.sites.update"]}
[debug] [2023-05-29T16:55:24.810Z] <<< [apiv2][status] POST https://cloudresourcemanager.googleapis.com/v1/projects/daicar-group-animation:testIamPermissions 200
[debug] [2023-05-29T16:55:24.810Z] <<< [apiv2][body] POST https://cloudresourcemanager.googleapis.com/v1/projects/daicar-group-animation:testIamPermissions {"permissions":["firebase.projects.get","firebasehosting.sites.update"]}
[debug] [2023-05-29T16:55:24.811Z] >>> [apiv2][query] GET https://firebase.googleapis.com/v1beta1/projects/daicar-group-animation [none]
[debug] [2023-05-29T16:55:25.528Z] <<< [apiv2][status] GET https://firebase.googleapis.com/v1beta1/projects/daicar-group-animation 200
[debug] [2023-05-29T16:55:25.528Z] <<< [apiv2][body] GET https://firebase.googleapis.com/v1beta1/projects/daicar-group-animation {"projectId":"daicar-group-animation","projectNumber":"60209306152","displayName":"Daicar-group-animation","name":"projects/daicar-group-animation","resources":{"hostingSite":"daicar-group-animation"},"state":"ACTIVE","etag":"1_633549db-d381-4b95-b34a-1dc6aa4e787a"}
[info] 
[info] === Deploying to 'daicar-group-animation'...
[info] 
[info] i  deploying hosting 
[debug] [2023-05-29T16:55:25.534Z] >>> [apiv2][query] POST https://firebasehosting.googleapis.com/v1beta1/projects/-/sites/daicar-group-animation/versions [none]
[debug] [2023-05-29T16:55:25.534Z] >>> [apiv2][body] POST https://firebasehosting.googleapis.com/v1beta1/projects/-/sites/daicar-group-animation/versions {"status":"CREATED","labels":{"deployment-tool":"cli-firebase"}}
[debug] [2023-05-29T16:55:28.425Z] <<< [apiv2][status] POST https://firebasehosting.googleapis.com/v1beta1/projects/-/sites/daicar-group-animation/versions 200
[debug] [2023-05-29T16:55:28.425Z] <<< [apiv2][body] POST https://firebasehosting.googleapis.com/v1beta1/projects/-/sites/daicar-group-animation/versions {"name":"projects/60209306152/sites/daicar-group-animation/versions/770aceeed382fba4","status":"CREATED","config":{},"labels":{"deployment-tool":"cli-firebase"}}
[info] i  hosting[daicar-group-animation]: beginning deploy... 
[info] i  hosting[daicar-group-animation]: found 61 files in build 
[debug] [2023-05-29T16:55:46.642Z] [hosting] uploading with 200 concurrency
[debug] [2023-05-29T16:55:47.341Z] [hosting] hash cache [YnVpbGQ] stored for 61 files
[debug] [2023-05-29T16:55:47.342Z] [hosting][hash queue][FINAL] {"max":689,"min":5,"avg":39.78688524590164,"active":0,"complete":61,"success":61,"errored":0,"retried":0,"total":61,"elapsed":697}
[debug] [2023-05-29T16:55:47.344Z] >>> [apiv2][query] POST https://firebasehosting.googleapis.com/v1beta1/projects/60209306152/sites/daicar-group-animation/versions/770aceeed382fba4:populateFiles [none]
[debug] [2023-05-29T16:55:47.344Z] >>> [apiv2][body] POST https://firebasehosting.googleapis.com/v1beta1/projects/60209306152/sites/daicar-group-animation/versions/770aceeed382fba4:populateFiles {"files":{"/favicon.ico":"0f4ef3538ed703290621e71e23e6c4e296ecf71060fa39a2493a54cfdc0fc486","/manifest.json":"5c997de1364b8be939319fa9209abd77f2caf7f8844999a9e2e9173f844e7840","/meta-tag.png":"ff3888641d01094cca84159a316d6c535ea9331846618423dbe711edf6f7684f","/robots.txt":"b2090cf9761ef60aa06e4fab97679bd43dfa5e5df073701ead5879d7c68f1ec5","/partners/ald-automotive.png":"4aa909be13d64a4dc93188b779fa59ab775ff724001ba18eb40ad196c3dc8898","/partners/athlon.png":"9b171152e97027b3d25c2ef046a4cffa6534072d9ef85515b61a61da938470bd","/partners/banca-ifis.png":"d976d51e5c8f383fc6d877cc4eeaa0a4b47d0c6d43ca6f3d38fd6650456c8daa","/partners/bmw-group.png":"3c13e210802784d84b63726ba4733b9967cb924e6a1447435f6b70ad1ef9ffc1","/partners/dacia.png":"52b8ba1039d6ea40471f6d7753e9fa86ae10ddb0fa74479200d5b3750a0ac6c9","/partners/ibl-banca.png":"d7c89b85104114ecd330fa47ab33c4a7a4293c7949a80467dd6434677070e2f0","/partners/lexus.png":"312f9d0cb081b46cd9c6b46c303ff550cf0a3bd19586c80388e66e1674974232","/partners/mercedes-benz.png":"f2d338dfc1aea4df046162166f5439d701ca9998200702a5e45daed83d8e7de2","/partners/renault.png":"25cf0ef772b7633146a8dec17971c263610b6ee63c95f3a810338550e5859f78","/partners/smart.png":"55385ff4e2177de1573c9380cff518550544849c8ae8b9764d58d403de13f1bb","/partners/stelllantis.png":"07ba0b0dd3497ad0711bddc1e1b891cd20ba0e62c9dfde6c73189d57e9b77666","/partners/tiscali.png":"a976284b35ce283f96991c0a1b9d392014d17cf9ab8902dfa5a38b066b875f08","/partners/toyota.png":"242bba6fc52128d7da1bafc34e973c80d5c61911683331046dd48dbda387c7e9","/partners/unipol-rental.png":"d7f84e59745483b2bf7493a0577981f5f80ea4c5f9642844b549f1cdde6fe477","/index.html":"3c426e3d4c3581a8d6472ea73afc364342d39a542117b4e525dda9ca7a6209b2","/asset-manifest.json":"d35bf20be289ba902ac273dd0320d69046aa76eb53349547795e3a20ef2200a6","/static/js/main.a1fef65a.js.LICENSE.txt":"4c6a9e0f9705810f9ab364a8e96899af4200c9a3dc661eb091681aa03580686f","/static/media/amazon-logo.1ae8c60b173e8fe6fb12dcf2d65b31e8.svg":"288770f6fee858b95ff6d93ce24a2783fa2b715286b5b6322801cd7a253aecee","/static/media/arrow-large-2.325338364b2b3e026048c99e8d1c4813.svg":"95d01d430e993c5b5e524954d661d8882e9a4d9f5071fa4927d31f32f7a85f85","/static/media/arrow.60400ed5a2e273480c280e72c978c7aa.svg":"e8b3cff95ca33299ed8789f5078874cc9b013075786e4c0c04c2b2798f0db793","/static/media/footer_logo.329718ca52aa3ddb82cbf358d72b66cd.svg":"f64f1c774ec57ca04eb76f80be5972119f5a74d6ddc647484ff2680162ae72eb","/static/media/business-2.068a7d6bd1211b30c27c.png":"38cb1f2a51640cbf8bf0cdd13aee793154bab4ba70f992e45db2ed3b54700398","/static/media/hubsport-logo.56d31378af52803646403d1e230553f2.svg":"85d63bf64ce5fe04fe453a475e3fb864995cad7996ad3cb85983099ef94dd5c1","/static/media/icon.c47bdadeddd071c8532ea0d89122464b.svg":"bf5f5864b0808a7668a46ae1234b27de28ff9f9c878d07db2fa25d302e853ded","/static/media/largeArrow.073a548ed579dd4ef3967211e4373bb6.svg":"24b66d5ad7546ca4eddd0d431c010d2a8190d32cdefba088852728489bd96e25","/static/media/footer_bg.fdfa100d0b056ce4d8de.png":"833e9b8ec3ea5611a91d3043b261d15a02d1c89851a97ad18230a6daa57f759e","/static/media/mundial-regular-tty.b4f4a1168e0fa8558857.otf":"7882f66f48ee72f5885ab5a1aa6edfd92dc07ed4d628593a9747592fb2f8e8ee","/static/media/mundial-light-tty.ab3b98496ff75ed260a5.otf":"a30c8b5c830271289c3d4edc97a92d790233dcaae8f88b547e93632841ad9bb7","/static/media/outlineArrow.f8917ffc1b04bf5cfdcee1e424fd002c.svg":"2c517a2404cd95c02def17ac6bdcf26015c3ab780f2b1c03b60428ae895284ba","/static/media/mundial-bold-tty.d5ebf6774a2016df4ea9.otf":"c73462bc4c05e01e9ce6362984c51a18456b10113ba63a81e331b285a0f86790","/static/media/mundial-semibold-tty.9eceb1b11dc4dcd5cfdf.otf":"1db720b3159239bbec4a825b51b0f6308e5da9dd8e58c51ba60ad6af690399fb","/static/media/phone.5247c0301b6e675efebd706e9bb7e3f6.svg":"15cede6675bbef18a91f7fcad19e1539b95fb3a82cd61770009859fe671b7e85","/static/media/page-logo.07015a69e8e10f03021b9a359b1c0e8f.svg":"4b3cd9cb742eda2de1463d8f669f7471534c39829caec94ad89502e6b9b30b0a","/static/media/pipedrive-logo.0ac8f39a730367ea8be8cf7c0f31cb49.svg":"15408073717e11591fbe94ce91655f5b13ff5aec4ae87457cc5cd858daaa20eb","/static/media/preloader-img.c555afea1d640fdf5d535dfc6b601ce0.svg":"21b2ea0e826fbfce5dcb9abbf919e4559d8cb060a2058b70c19aaf32b9eaed14","/static/media/slick.2630a3e3eab21c607e21.svg":"d00477d40ed40fa1dd3bdee27d9286804121b15fea83bae7d5415d902b055de0","/static/media/slick.295183786cd8a1389865.woff":"029a727c9e1081d2f9e1015f02f18da88f268512ea4f58589a6f17f532928530","/static/media/slick.c94f7671dcc99dce43e2.ttf":"6aad751007cf9a89350af287f824ab64f096c472c7c9c679fb3d55b6174fc004","/static/media/slick.a4e97f5a2a64f0ab1323.eot":"52b9a169969e053d43df6bd21c4dc789c2518d99afd8590a17ef50cd24c77cf6","/static/media/sms_img.a93500a2d6fd5e247f3186c6e1a278de.svg":"ab64ae79e8c4853b96e29e66d33bc87dad46c30bd87f563e13c8a75003ec081a","/static/media/salesforce-logo.68190d0c3d45fee08d28f1038b28f4a6.svg":"7b3e22e804f06f6316a0717aac230e999400c4c67621d75d2c2a0e61b06611f8","/static/media/timeline-content-img-1.6d67be0906bbb4901bfd.png":"934fa37718582fc3913e25ab9eee3c366599d61116c1931a64bf3f38487f13bb","/static/media/zendesk-suite-logo.37da75027176de779ee025fe93d49676.svg":"ea211ae1b12beb75b696396a1b54b34074422b23f42e6f1c8e888c0573233874","/static/media/business-4.07089c1685ae92146944.png":"b13c861efdcf9455638b40fccb27d160ac5392f320e7482ccad0bdeaa38bdf07","/static/media/timeline-content-img-2.291ee8f729f967490fde.png":"8cfc8d629792f6d988b3f942ac882a5238c329c92b4d234e1f97a512a4a33b9e","/static/media/business-1.638d35e16a18dcd695e4.png":"b136489bed1b0c4bee9e5e53c8eca738a0ff436137ae1276ec85c87174f768fa","/static/media/big-founder-img-2.636b4325f87e24ef0e141647164b9ab1.svg":"c47d404de85faf290e8c24d5b3211deb9dcdc6cf68f1b2c4c8f7e77365b1500e","/static/css/main.556a8410.css":"85bb44bf1696406e2075bf6970e33cf5d84a778d0d3ac98ccf742a96447d4b8b","/static/media/meeting_man_img.c55cd7c647dd8c96a9ffcd3384974b3c.svg":"15e81c1cff87850554cadc92010af9def00abfeb5be43c8f985b30de83005272","/static/media/ipad-white.49d47a1f4a98aa36b4f8.png":"d8c72286ea8faf855413a0543acf9fe7faca4764c1682164d4a3d000b1018dae","/static/media/ipad.4b9937444ac7e4e310dd.png":"6e8b8f2a40cdcfabcf74441bce964baafb56e613d97fb4684a959d829f1ff9af","/static/media/about-arrow.e980e23c4033f659c601.png":"9639229ecb300a786d42a417b5258bb85153ac20c43e7f9e5e29357da4a32b8c","/static/css/main.556a8410.css.map":"4506b5f86e8f6c847957fd31d5748c1245a66b41bcacad7fc11920582b61d848","/static/js/main.a1fef65a.js":"aa21d7d83206f7d70ac75431e8249cb54ffdf5887d8efadaf1349f749c8d2fd2","/static/media/big-founder-img-3.30c2c396c0d8e3500947fd950942c993.svg":"13380caa2ad465c7cc7ac055db2e2774bb0e8843fe7c8ba85616c72fc7dbeaec","/static/media/big-founder-img-1.d63176750741a8329038e53dae430d5d.svg":"96c6d4a31a3608819f2eafbe63f8f851343385c1756b6d4c6229b81404e1e06c","/static/js/main.a1fef65a.js.map":"b0da4b9d9a0830a88202614253f80efe18c4d47fcd4ad9f467f28abd8ff970b5"}}
[debug] [2023-05-29T16:55:48.796Z] <<< [apiv2][status] POST https://firebasehosting.googleapis.com/v1beta1/projects/60209306152/sites/daicar-group-animation/versions/770aceeed382fba4:populateFiles 200
[debug] [2023-05-29T16:55:48.796Z] <<< [apiv2][body] POST https://firebasehosting.googleapis.com/v1beta1/projects/60209306152/sites/daicar-group-animation/versions/770aceeed382fba4:populateFiles {"uploadRequiredHashes":["85bb44bf1696406e2075bf6970e33cf5d84a778d0d3ac98ccf742a96447d4b8b","aa21d7d83206f7d70ac75431e8249cb54ffdf5887d8efadaf1349f749c8d2fd2","3c426e3d4c3581a8d6472ea73afc364342d39a542117b4e525dda9ca7a6209b2","b0da4b9d9a0830a88202614253f80efe18c4d47fcd4ad9f467f28abd8ff970b5","4506b5f86e8f6c847957fd31d5748c1245a66b41bcacad7fc11920582b61d848","d35bf20be289ba902ac273dd0320d69046aa76eb53349547795e3a20ef2200a6"],"uploadUrl":"https://upload-firebasehosting.googleapis.com/upload/sites/daicar-group-animation/versions/770aceeed382fba4/files"}
[debug] [2023-05-29T16:55:48.798Z] >>> [apiv2][query] POST https://upload-firebasehosting.googleapis.com/upload/sites/daicar-group-animation/versions/770aceeed382fba4/files/85bb44bf1696406e2075bf6970e33cf5d84a778d0d3ac98ccf742a96447d4b8b [none]
[debug] [2023-05-29T16:55:48.798Z] >>> [apiv2][body] POST https://upload-firebasehosting.googleapis.com/upload/sites/daicar-group-animation/versions/770aceeed382fba4/files/85bb44bf1696406e2075bf6970e33cf5d84a778d0d3ac98ccf742a96447d4b8b [stream]
[debug] [2023-05-29T16:55:48.799Z] >>> [apiv2][query] POST https://upload-firebasehosting.googleapis.com/upload/sites/daicar-group-animation/versions/770aceeed382fba4/files/aa21d7d83206f7d70ac75431e8249cb54ffdf5887d8efadaf1349f749c8d2fd2 [none]
[debug] [2023-05-29T16:55:48.799Z] >>> [apiv2][body] POST https://upload-firebasehosting.googleapis.com/upload/sites/daicar-group-animation/versions/770aceeed382fba4/files/aa21d7d83206f7d70ac75431e8249cb54ffdf5887d8efadaf1349f749c8d2fd2 [stream]
[debug] [2023-05-29T16:55:48.800Z] >>> [apiv2][query] POST https://upload-firebasehosting.googleapis.com/upload/sites/daicar-group-animation/versions/770aceeed382fba4/files/3c426e3d4c3581a8d6472ea73afc364342d39a542117b4e525dda9ca7a6209b2 [none]
[debug] [2023-05-29T16:55:48.800Z] >>> [apiv2][body] POST https://upload-firebasehosting.googleapis.com/upload/sites/daicar-group-animation/versions/770aceeed382fba4/files/3c426e3d4c3581a8d6472ea73afc364342d39a542117b4e525dda9ca7a6209b2 [stream]
[debug] [2023-05-29T16:55:48.800Z] >>> [apiv2][query] POST https://upload-firebasehosting.googleapis.com/upload/sites/daicar-group-animation/versions/770aceeed382fba4/files/b0da4b9d9a0830a88202614253f80efe18c4d47fcd4ad9f467f28abd8ff970b5 [none]
[debug] [2023-05-29T16:55:48.801Z] >>> [apiv2][body] POST https://upload-firebasehosting.googleapis.com/upload/sites/daicar-group-animation/versions/770aceeed382fba4/files/b0da4b9d9a0830a88202614253f80efe18c4d47fcd4ad9f467f28abd8ff970b5 [stream]
[debug] [2023-05-29T16:55:48.801Z] >>> [apiv2][query] POST https://upload-firebasehosting.googleapis.com/upload/sites/daicar-group-animation/versions/770aceeed382fba4/files/4506b5f86e8f6c847957fd31d5748c1245a66b41bcacad7fc11920582b61d848 [none]
[debug] [2023-05-29T16:55:48.801Z] >>> [apiv2][body] POST https://upload-firebasehosting.googleapis.com/upload/sites/daicar-group-animation/versions/770aceeed382fba4/files/4506b5f86e8f6c847957fd31d5748c1245a66b41bcacad7fc11920582b61d848 [stream]
[debug] [2023-05-29T16:55:48.802Z] >>> [apiv2][query] POST https://upload-firebasehosting.googleapis.com/upload/sites/daicar-group-animation/versions/770aceeed382fba4/files/d35bf20be289ba902ac273dd0320d69046aa76eb53349547795e3a20ef2200a6 [none]
[debug] [2023-05-29T16:55:48.802Z] >>> [apiv2][body] POST https://upload-firebasehosting.googleapis.com/upload/sites/daicar-group-animation/versions/770aceeed382fba4/files/d35bf20be289ba902ac273dd0320d69046aa76eb53349547795e3a20ef2200a6 [stream]
[debug] [2023-05-29T16:55:48.802Z] [hosting][populate queue][FINAL] {"max":1460,"min":1460,"avg":1460,"active":0,"complete":1,"success":1,"errored":0,"retried":0,"total":1,"elapsed":1464}
[debug] [2023-05-29T16:55:48.802Z] [hosting] uploads queued: 6
[debug] [2023-05-29T16:55:51.368Z] <<< [apiv2][status] POST https://upload-firebasehosting.googleapis.com/upload/sites/daicar-group-animation/versions/770aceeed382fba4/files/85bb44bf1696406e2075bf6970e33cf5d84a778d0d3ac98ccf742a96447d4b8b 200
[debug] [2023-05-29T16:55:51.368Z] <<< [apiv2][body] POST https://upload-firebasehosting.googleapis.com/upload/sites/daicar-group-animation/versions/770aceeed382fba4/files/85bb44bf1696406e2075bf6970e33cf5d84a778d0d3ac98ccf742a96447d4b8b [stream]
[debug] [2023-05-29T16:55:51.481Z] <<< [apiv2][status] POST https://upload-firebasehosting.googleapis.com/upload/sites/daicar-group-animation/versions/770aceeed382fba4/files/4506b5f86e8f6c847957fd31d5748c1245a66b41bcacad7fc11920582b61d848 200
[debug] [2023-05-29T16:55:51.481Z] <<< [apiv2][body] POST https://upload-firebasehosting.googleapis.com/upload/sites/daicar-group-animation/versions/770aceeed382fba4/files/4506b5f86e8f6c847957fd31d5748c1245a66b41bcacad7fc11920582b61d848 [stream]
[debug] [2023-05-29T16:55:51.604Z] <<< [apiv2][status] POST https://upload-firebasehosting.googleapis.com/upload/sites/daicar-group-animation/versions/770aceeed382fba4/files/3c426e3d4c3581a8d6472ea73afc364342d39a542117b4e525dda9ca7a6209b2 200
[debug] [2023-05-29T16:55:51.604Z] <<< [apiv2][body] POST https://upload-firebasehosting.googleapis.com/upload/sites/daicar-group-animation/versions/770aceeed382fba4/files/3c426e3d4c3581a8d6472ea73afc364342d39a542117b4e525dda9ca7a6209b2 [stream]
[debug] [2023-05-29T16:55:51.616Z] <<< [apiv2][status] POST https://upload-firebasehosting.googleapis.com/upload/sites/daicar-group-animation/versions/770aceeed382fba4/files/d35bf20be289ba902ac273dd0320d69046aa76eb53349547795e3a20ef2200a6 200
[debug] [2023-05-29T16:55:51.616Z] <<< [apiv2][body] POST https://upload-firebasehosting.googleapis.com/upload/sites/daicar-group-animation/versions/770aceeed382fba4/files/d35bf20be289ba902ac273dd0320d69046aa76eb53349547795e3a20ef2200a6 [stream]
[debug] [2023-05-29T16:56:03.034Z] <<< [apiv2][status] POST https://upload-firebasehosting.googleapis.com/upload/sites/daicar-group-animation/versions/770aceeed382fba4/files/aa21d7d83206f7d70ac75431e8249cb54ffdf5887d8efadaf1349f749c8d2fd2 200
[debug] [2023-05-29T16:56:03.034Z] <<< [apiv2][body] POST https://upload-firebasehosting.googleapis.com/upload/sites/daicar-group-animation/versions/770aceeed382fba4/files/aa21d7d83206f7d70ac75431e8249cb54ffdf5887d8efadaf1349f749c8d2fd2 [stream]
[debug] [2023-05-29T16:56:05.104Z] <<< [apiv2][status] POST https://upload-firebasehosting.googleapis.com/upload/sites/daicar-group-animation/versions/770aceeed382fba4/files/b0da4b9d9a0830a88202614253f80efe18c4d47fcd4ad9f467f28abd8ff970b5 200
[debug] [2023-05-29T16:56:05.104Z] <<< [apiv2][body] POST https://upload-firebasehosting.googleapis.com/upload/sites/daicar-group-animation/versions/770aceeed382fba4/files/b0da4b9d9a0830a88202614253f80efe18c4d47fcd4ad9f467f28abd8ff970b5 [stream]
[debug] [2023-05-29T16:56:05.105Z] [hosting][upload queue][FINAL] {"max":16308,"min":2572,"avg":6904.666666666667,"active":0,"complete":6,"success":6,"errored":0,"retried":0,"total":6,"elapsed":16309}
[info] +  hosting[daicar-group-animation]: file upload complete 
[debug] [2023-05-29T16:56:05.106Z] [hosting] deploy completed after 18484ms
[debug] [2023-05-29T16:56:05.109Z] [
  {
    "config": {
      "public": "build",
      "ignore": [
        "firebase.json",
        "**/.*",
        "**/node_modules/**"
      ],
      "rewrites": [
        {
          "source": "**",
          "destination": "/index.html"
        }
      ],
      "site": "daicar-group-animation"
    },
    "version": "projects/60209306152/sites/daicar-group-animation/versions/770aceeed382fba4"
  }
]
[info] i  hosting[daicar-group-animation]: finalizing version... 
[debug] [2023-05-29T16:56:05.111Z] >>> [apiv2][query] PATCH https://firebasehosting.googleapis.com/v1beta1/projects/-/sites/daicar-group-animation/versions/770aceeed382fba4 updateMask=status%2Cconfig
[debug] [2023-05-29T16:56:05.111Z] >>> [apiv2][body] PATCH https://firebasehosting.googleapis.com/v1beta1/projects/-/sites/daicar-group-animation/versions/770aceeed382fba4 {"status":"FINALIZED","config":{"rewrites":[{"glob":"**","path":"/index.html"}]}}
[debug] [2023-05-29T16:56:06.428Z] <<< [apiv2][status] PATCH https://firebasehosting.googleapis.com/v1beta1/projects/-/sites/daicar-group-animation/versions/770aceeed382fba4 200
[debug] [2023-05-29T16:56:06.428Z] <<< [apiv2][body] PATCH https://firebasehosting.googleapis.com/v1beta1/projects/-/sites/daicar-group-animation/versions/770aceeed382fba4 {"name":"projects/60209306152/sites/daicar-group-animation/versions/770aceeed382fba4","status":"FINALIZED","config":{"rewrites":[{"glob":"**","path":"/index.html"}]},"labels":{"deployment-tool":"cli-firebase"},"createTime":"2023-05-29T16:55:30.519366Z","createUser":{"email":"kunal.sharmag12@gmail.com"},"finalizeTime":"2023-05-29T16:56:08.785816Z","finalizeUser":{"email":"kunal.sharmag12@gmail.com"}}
[debug] [2023-05-29T16:56:06.428Z] [hosting] finalized version for daicar-group-animation:[object Object]
[info] +  hosting[daicar-group-animation]: version finalized 
[info] i  hosting[daicar-group-animation]: releasing new version... 
[debug] [2023-05-29T16:56:06.429Z] >>> [apiv2][query] POST https://firebasehosting.googleapis.com/v1beta1/projects/-/sites/daicar-group-animation/channels/live/releases versionName=projects%2F60209306152%2Fsites%2Fdaicar-group-animation%2Fversions%2F770aceeed382fba4
[debug] [2023-05-29T16:56:06.429Z] >>> [apiv2][body] POST https://firebasehosting.googleapis.com/v1beta1/projects/-/sites/daicar-group-animation/channels/live/releases {}
[debug] [2023-05-29T16:56:07.778Z] <<< [apiv2][status] POST https://firebasehosting.googleapis.com/v1beta1/projects/-/sites/daicar-group-animation/channels/live/releases 200
[debug] [2023-05-29T16:56:07.778Z] <<< [apiv2][body] POST https://firebasehosting.googleapis.com/v1beta1/projects/-/sites/daicar-group-animation/channels/live/releases {"name":"projects/60209306152/sites/daicar-group-animation/channels/live/releases/1685379369516000","version":{"name":"projects/60209306152/sites/daicar-group-animation/versions/770aceeed382fba4","status":"FINALIZED","config":{"rewrites":[{"glob":"**","path":"/index.html"}]},"labels":{"deployment-tool":"cli-firebase"},"createTime":"2023-05-29T16:55:30.519366Z","createUser":{"email":"kunal.sharmag12@gmail.com","imageUrl":"https://lh3.googleusercontent.com/a/AAcHTtfnb4CmCymlT16P1ZxctI75w_qaJuv1R5opoh70Azw"},"finalizeTime":"2023-05-29T16:56:08.785816Z","finalizeUser":{"email":"kunal.sharmag12@gmail.com","imageUrl":"https://lh3.googleusercontent.com/a/AAcHTtfnb4CmCymlT16P1ZxctI75w_qaJuv1R5opoh70Azw"}},"type":"DEPLOY","releaseTime":"2023-05-29T16:56:09.516Z","releaseUser":{"email":"kunal.sharmag12@gmail.com","imageUrl":"https://lh3.googleusercontent.com/a/AAcHTtfnb4CmCymlT16P1ZxctI75w_qaJuv1R5opoh70Azw"}}
[debug] [2023-05-29T16:56:07.778Z] [hosting] release: {"name":"projects/60209306152/sites/daicar-group-animation/channels/live/releases/1685379369516000","version":{"name":"projects/60209306152/sites/daicar-group-animation/versions/770aceeed382fba4","status":"FINALIZED","config":{"rewrites":[{"glob":"**","path":"/index.html"}]},"labels":{"deployment-tool":"cli-firebase"},"createTime":"2023-05-29T16:55:30.519366Z","createUser":{"email":"kunal.sharmag12@gmail.com","imageUrl":"https://lh3.googleusercontent.com/a/AAcHTtfnb4CmCymlT16P1ZxctI75w_qaJuv1R5opoh70Azw"},"finalizeTime":"2023-05-29T16:56:08.785816Z","finalizeUser":{"email":"kunal.sharmag12@gmail.com","imageUrl":"https://lh3.googleusercontent.com/a/AAcHTtfnb4CmCymlT16P1ZxctI75w_qaJuv1R5opoh70Azw"}},"type":"DEPLOY","releaseTime":"2023-05-29T16:56:09.516Z","releaseUser":{"email":"kunal.sharmag12@gmail.com","imageUrl":"https://lh3.googleusercontent.com/a/AAcHTtfnb4CmCymlT16P1ZxctI75w_qaJuv1R5opoh70Azw"}}
[info] +  hosting[daicar-group-animation]: release complete 
[info] 
[info] +  Deploy complete! 
[info] 
[info] Project Console: https://console.firebase.google.com/project/daicar-group-animation/overview
[info] Hosting URL: https://daicar-group-animation.web.app
[debug] [2023-05-29T16:56:38.853Z] Error: Timed out.
    at Timeout._onTimeout (C:\Users\kunal\AppData\Roaming\npm\node_modules\firebase-tools\lib\utils.js:253:49)
    at listOnTimeout (node:internal/timers:564:17)
    at process.processTimers (node:internal/timers:507:7)
[error] 
[error] Error: An unexpected error has occurred.
